Vivado Simulator 2019.2
Copyright 1986-1999, 2001-2019 Xilinx, Inc. All Rights Reserved.
Running: /tools/Xilinx/Vivado/2019.2/bin/unwrapped/lnx64.o/xelab -debug all -top uart_tb -snapshot uart_tb_snapshot 
Multi-threading is on. Using 10 slave threads.
Starting static elaboration
Pass Through NonSizing Optimizer
Completed static elaboration
Starting simulation data flow analysis
Completed simulation data flow analysis
Time Resolution for simulation is 1ps
Compiling module work.baud_rate
Compiling module work.tx_controller
Compiling module work.piso
Compiling module work.tx_counter
Compiling module work.tx_mux
Compiling module work.tx_datapath
Compiling module work.rx_controller
Compiling module work.sipo
Compiling module work.bit_counter
Compiling module work.sample_counter
Compiling module work.rx_datapath
Compiling module work.uart
Compiling module work.uart_tb
Built simulation snapshot uart_tb_snapshot
