#-----------------------------------------------------------
# xsim v2019.2 (64-bit)
# SW Build 2708876 on Wed Nov  6 21:39:14 MST 2019
# IP Build 2700528 on Thu Nov  7 00:09:20 MST 2019
# Start of session at: Mon Jun  3 21:53:35 2024
# Process ID: 18681
# Current directory: /home/zawaher-bin-asim/UART
# Command line: xsim -mode tcl -source {xsim.dir/uart_tb_snapshot/xsim_script.tcl}
# Log file: /home/zawaher-bin-asim/UART/xsim.log
# Journal file: /home/zawaher-bin-asim/UART/xsim.jou
#-----------------------------------------------------------
source xsim.dir/uart_tb_snapshot/xsim_script.tcl
# xsim {uart_tb_snapshot} -autoloadwcfg -tclbatch {xsim_cfg.tcl}
Vivado Simulator 2019.2
Time resolution is 1 ps
source xsim_cfg.tcl
## log_wave -recursive *
## run 200us

 Start bit received

 ====> Data Successfully Transmitted and Received <====

 Transmitted_data = 24; Received_data = 24;

 Start bit received

 ====> Data Successfully Transmitted and Received <====

 Transmitted_data = 81; Received_data = 81;

 Start bit received

 ====> Data Successfully Transmitted and Received <====

 Transmitted_data = 09; Received_data = 09;

 Start bit received

 ====> Data Successfully Transmitted and Received <====

 Transmitted_data = 63; Received_data = 63;

 Start bit received

 ====> Data Successfully Transmitted and Received <====

 Transmitted_data = 0d; Received_data = 0d;
$finish called at time : 35395 ns : File "/home/zawaher-bin-asim/UART/test/uart_tb.sv" Line 98
## exit
INFO: [Common 17-206] Exiting xsim at Mon Jun  3 21:53:41 2024...
